Arguments: 
  C:\Program Files\nodejs\node.exe C:\Users\fvald\AppData\Roaming\npm\node_modules\yarn\bin\yarn.js add

PATH: 
  C:\Users\fvald\bin;C:\Program Files\Git\mingw64\bin;C:\Program Files\Git\usr\local\bin;C:\Program Files\Git\usr\bin;C:\Program Files\Git\usr\bin;C:\Program Files\Git\mingw64\bin;C:\Program Files\Git\usr\bin;C:\Users\fvald\bin;C:\Users\fvald\introcs\java\bin;C:\ProgramData\Oracle\Java\javapath;C:\Windows\system32;C:\Windows;C:\Windows\System32\Wbem;C:\Windows\System32\WindowsPowerShell\v1.0;C:\WINDOWS\system32;C:\WINDOWS;C:\WINDOWS\System32\Wbem;C:\WINDOWS\System32\WindowsPowerShell\v1.0;C:\Program Files\Git\cmd;C:\Program Files\nodejs;C:\Program Files\MySQL\MySQL Server 5.7\bin;C:\Program Files\MongoDB\Server\3.6\bin;C:\Ruby24-x64\bin;C:\Users\fvald\introcs\j3d\bin;C:\Users\fvald\introcs\bin;C:\Users\fvald\introcs\java\bin;C:\Users\fvald\AppData\Local\Microsoft\WindowsApps;C:\Users\fvald\AppData\Local\atom\bin;C:\Users\fvald\AppData\Local\Microsoft\WindowsApps;C:\Program Files\Heroku\bin;C:\Users\fvald\AppData\Roaming\npm;C:\Program Files\Git\usr\bin\vendor_perl;C:\Program Files\Git\usr\bin\core_perl

Yarn version: 
  1.5.1

Node version: 
  9.3.0

Platform: 
  win32 x64

npm manifest: 
  {
    "name": "mern",
    "version": "1.0.0",
    "description": "Mern Demo",
    "main": "server.js",
    "scripts": {
      "server": "node server.js",
      "client": "cd client && npm run start",
      "start": "./node_modules/.bin/concurrently \"./node_modules/.bin/nodemon\" \"npm run client\"",
      "build": "cd client && npm run build",
      "deploy": "yarn build && git add . && git commit -m \"Building for production\" && git push heroku master",
      "test": "echo \"Error: no test specified\" && exit 1",
      "installDeps": "yarn && cd client && yarn"
    },
    "author": "",
    "license": "ISC",
    "devDependencies": {
      "concurrently": "^3.5.0",
      "nodemon": "^1.11.0"
    },
    "dependencies": {
      "express": "^4.15.4"
    }
  }

yarn manifest: 
  No manifest

Lockfile: 
  No lockfile

Trace: 
  Error: Missing list of packages to add to your project.
      at new MessageError (C:\Users\fvald\AppData\Roaming\npm\node_modules\yarn\lib\cli.js:186:110)
      at Object.<anonymous> (C:\Users\fvald\AppData\Roaming\npm\node_modules\yarn\lib\cli.js:40587:13)
      at Generator.next (<anonymous>)
      at step (C:\Users\fvald\AppData\Roaming\npm\node_modules\yarn\lib\cli.js:98:30)
      at C:\Users\fvald\AppData\Roaming\npm\node_modules\yarn\lib\cli.js:116:14
      at new Promise (<anonymous>)
      at new F (C:\Users\fvald\AppData\Roaming\npm\node_modules\yarn\lib\cli.js:23451:28)
      at Object.<anonymous> (C:\Users\fvald\AppData\Roaming\npm\node_modules\yarn\lib\cli.js:95:12)
      at Object.run (C:\Users\fvald\AppData\Roaming\npm\node_modules\yarn\lib\cli.js:40599:19)
      at run (C:\Users\fvald\AppData\Roaming\npm\node_modules\yarn\lib\cli.js:89113:20)
